0 verbose cli C:\Program Files\nodejs\node.exe C:\Program Files\nodejs\node_modules\npm\bin\npm-cli.js
1 info using npm@10.2.4
2 info using node@v20.11.0
3 timing npm:load:whichnode Completed in 11ms
4 timing config:load:defaults Completed in 5ms
5 timing config:load:file:C:\Program Files\nodejs\node_modules\npm\npmrc Completed in 12ms
6 timing config:load:builtin Completed in 13ms
7 timing config:load:cli Completed in 6ms
8 timing config:load:env Completed in 2ms
9 timing config:load:file:C:\Users\Owner\Desktop\project\MInd Saver\Ms backend\.npmrc Completed in 10ms
10 timing config:load:project Completed in 62ms
11 timing config:load:file:C:\Users\Owner\.npmrc Completed in 5ms
12 timing config:load:user Completed in 7ms
13 timing config:load:file:C:\Users\Owner\AppData\Roaming\npm\etc\npmrc Completed in 19ms
14 timing config:load:global Completed in 20ms
15 timing config:load:setEnvs Completed in 7ms
16 timing config:load Completed in 125ms
17 timing npm:load:configload Completed in 127ms
18 timing config:load:flatten Completed in 11ms
19 timing npm:load:mkdirpcache Completed in 1ms
20 timing npm:load:mkdirplogs Completed in 6ms
21 verbose title npm run start
22 verbose argv "run" "start"
23 timing npm:load:setTitle Completed in 5ms
24 timing npm:load:display Completed in 2ms
25 verbose logfile logs-max:10 dir:C:\Users\Owner\Desktop\project\MInd Saver\Ms backend\UsersOwnerAppDataRoamingnpm-cache\_logs\2024-12-20T05_17_43_118Z-
26 verbose logfile C:\Users\Owner\Desktop\project\MInd Saver\Ms backend\UsersOwnerAppDataRoamingnpm-cache\_logs\2024-12-20T05_17_43_118Z-debug-0.log
27 timing npm:load:logFile Completed in 42ms
28 timing npm:load:timers Completed in 1ms
29 timing npm:load:configScope Completed in 0ms
30 timing npm:load Completed in 308ms
31 silly logfile start cleaning logs, removing 3 files
32 silly logfile error removing log file C:\Users\Owner\Desktop\project\MInd Saver\Ms backend\UsersOwnerAppDataRoamingnpm-cache\_logs\2024-12-20T05_17_06_945Z-debug-0.log [Error: EPERM: operation not permitted, lstat 'C:\Users\Owner\Desktop\project\MInd Saver\Ms backend\UsersOwnerAppDataRoamingnpm-cache\_logs\2024-12-20T05_17_06_945Z-debug-0.log'] {
32 silly logfile   errno: -4048,
32 silly logfile   code: 'EPERM',
32 silly logfile   syscall: 'lstat',
32 silly logfile   path: 'C:\\Users\\Owner\\Desktop\\project\\MInd Saver\\Ms backend\\UsersOwnerAppDataRoamingnpm-cache\\_logs\\2024-12-20T05_17_06_945Z-debug-0.log'
32 silly logfile }
33 silly logfile done cleaning log files
34 timing command:run Completed in 5311666ms
35 verbose exit 3221225786
36 timing npm Completed in 5312278ms
37 verbose code 3221225786
